\BOOKMARK [0][-]{chapter*.1}{\376\377\000L\036\335\000i\000\040\000n\000\363\000i\000\040\001\021\036\247\000u}{}% 1
\BOOKMARK [0][-]{chapter*.2}{\376\377\000L\036\335\000i\000\040\000c\036\243\000m\000\040\001\241\000n}{}% 2
\BOOKMARK [0][-]{chapter*.3}{\376\377\000A\000b\000s\000t\000r\000a\000c\000t}{}% 3
\BOOKMARK [0][-]{chapter*.3}{\376\377\000M\036\345\000c\000\040\000l\036\345\000c}{}% 4
\BOOKMARK [0][-]{chapter*.3}{\376\377\000D\000a\000n\000h\000\040\000m\036\345\000c\000\040\000h\000\354\000n\000h\000\040\000v\036\275}{}% 5
\BOOKMARK [0][-]{chapter*.3}{\376\377\000D\000a\000n\000h\000\040\000m\036\345\000c\000\040\000b\036\243\000n\000g\000\040\000b\000i\036\303\000u}{}% 6
\BOOKMARK [0][-]{chapter*.4}{\376\377\000D\000a\000n\000h\000\040\000m\036\345\000c\000\040\000c\000\341\000c\000\040\000t\036\353\000\040\000v\000i\036\277\000t\000\040\000t\036\257\000t}{}% 7
\BOOKMARK [0][-]{chapter.1}{\376\377\001\020\036\267\000t\000\040\000v\036\245\000n\000\040\001\021\036\301}{}% 8
\BOOKMARK [1][-]{section.1.1}{\376\377\000T\036\325\000n\000g\000\040\000q\000u\000a\000n\000\040\000v\036\301\000\040\000c\000\341\000c\000\040\000c\000\364\000n\000g\000\040\000n\000g\000h\036\307\000\040\000t\000r\000u\000y\036\301\000n\000\040\000t\000h\000\364\000n\000g}{chapter.1}% 9
\BOOKMARK [1][-]{section.1.2}{\376\377\000T\036\325\000n\000g\000\040\000q\000u\000a\000n\000\040\000v\036\301\000\040\000W\000S\000N}{chapter.1}% 10
\BOOKMARK [1][-]{section.1.3}{\376\377\000L\000\375\000\040\000d\000o\000\040\000c\000h\036\315\000n\000\040\001\021\036\301\000\040\000t\000\340\000i}{chapter.1}% 11
\BOOKMARK [1][-]{section.1.4}{\376\377\000M\036\345\000c\000\040\000t\000i\000\352\000u\000\040\000v\000\340\000\040\000k\036\277\000t\000\040\000q\000u\036\243\000\040\000d\036\361\000\040\000k\000i\036\277\000n}{chapter.1}% 12
\BOOKMARK [1][-]{section.1.5}{\376\377\000N\000h\036\357\000n\000g\000\040\000c\000\364\000n\000g\000\040\000v\000i\036\307\000c\000\040\000c\000h\000\355\000n\000h}{chapter.1}% 13
\BOOKMARK [1][-]{section.1.6}{\376\377\000C\036\245\000u\000\040\000t\000r\000\372\000c\000\040\000c\036\347\000a\000\040\000b\000\341\000o\000\040\000c\000\341\000o}{chapter.1}% 14
\BOOKMARK [1][-]{section.1.7}{\376\377\000K\036\277\000t\000\040\000l\000u\036\255\000n}{chapter.1}% 15
\BOOKMARK [0][-]{chapter.2}{\376\377\000C\001\241\000\040\000s\036\337\000\040\000l\000\375\000\040\000t\000h\000u\000y\036\277\000t}{}% 16
\BOOKMARK [1][-]{section.2.1}{\376\377\000K\036\371\000\040\000t\000h\000u\036\255\000t\000\040\001\021\000i\036\301\000u\000\040\000c\000h\036\277\000\040\000L\000o\000R\000a}{chapter.2}% 17
\BOOKMARK [2][-]{subsection.2.1.1}{\376\377\000C\000\364\000n\000g\000\040\000t\000h\036\351\000c\000\040\000S\000h\000a\000n\000n\000o\000n\000-\000H\000a\000r\000t\000l\000e\000y}{section.2.1}% 18
\BOOKMARK [2][-]{subsection.2.1.2}{\376\377\000K\036\371\000\040\000t\000h\000u\036\255\000t\000\040\000t\000r\036\243\000i\000\040\000p\000h\036\325}{section.2.1}% 19
\BOOKMARK [2][-]{subsection.2.1.3}{\376\377\000C\000h\000i\000r\000p\000\040\000S\000p\000r\000e\000a\000d\000-\000S\000p\000e\000c\000t\000r\000u\000m}{section.2.1}% 20
\BOOKMARK [2][-]{subsection.2.1.4}{\376\377\000L\000o\000R\000a\000\040\000C\000h\000i\000r\000p\000\040\000S\000p\000r\000e\000a\000d\000-\000S\000p\000e\000c\000t\000r\000u\000m}{section.2.1}% 21
\BOOKMARK [2][-]{subsection.2.1.5}{\376\377\000C\000\341\000c\000\040\001\021\036\267\000c\000\040\001\021\000i\036\303\000m\000\040\000n\036\325\000i\000\040\000b\036\255\000t}{section.2.1}% 22
\BOOKMARK [2][-]{subsection.2.1.6}{\376\377\000C\000\341\000c\000\040\000t\000h\000a\000m\000\040\000s\036\321\000\040\000k\036\371\000\040\000t\000h\000u\036\255\000t\000\040\000c\000h\000\355\000n\000h}{section.2.1}% 23
\BOOKMARK [2][-]{subsection.2.1.7}{\376\377\000T\000h\036\335\000i\000\040\000g\000i\000a\000n\000\040\000t\000r\000u\000y\036\301\000n}{section.2.1}% 24
\BOOKMARK [1][-]{section.2.2}{\376\377\000G\000i\000a\000o\000\040\000t\000h\036\351\000c\000\040\000c\000h\000u\036\251\000n\000\040\000m\036\337\000\040\000L\000o\000R\000a\000W\000A\000N}{chapter.2}% 25
\BOOKMARK [2][-]{subsection.2.2.1}{\376\377\001\020\036\267\000c\000\040\000t\036\243\000\040\000k\036\371\000\040\000t\000h\000u\036\255\000t}{section.2.2}% 26
\BOOKMARK [2][-]{subsection.2.2.2}{\376\377\000C\001\241\000\040\000c\000h\036\277\000\040\000k\000\355\000c\000h\000\040\000h\000o\036\241\000t\000\040\000c\000\341\000c\000\040\000t\000h\000i\036\277\000t\000\040\000b\036\313\000\040\000\050\000E\000n\000d\000-\000n\000o\000d\000e\000,\000\040\000L\000o\000R\000a\000\040\000N\000o\000d\000e\000s\000\051}{section.2.2}% 27
\BOOKMARK [2][-]{subsection.2.2.3}{\376\377\000L\000o\000R\000a\000W\000A\000N\000\040\000S\000e\000r\000v\000e\000r}{section.2.2}% 28
\BOOKMARK [1][-]{section.2.3}{\376\377\000M\036\331\000t\000\040\000s\036\321\000\040\000g\000i\036\333\000i\000\040\000h\036\241\000n\000\040\000k\000h\000\341\000c\000\040\000v\036\301\000\040\000v\000i\036\307\000c\000\040\000s\036\355\000\040\000d\036\345\000n\000g\000\040\000L\000o\000R\000a\000W\000A\000N}{chapter.2}% 29
\BOOKMARK [1][-]{section.2.4}{\376\377\000K\036\277\000t\000\040\000l\000u\036\255\000n}{chapter.2}% 30
\BOOKMARK [0][-]{chapter.3}{\376\377\000K\000i\036\277\000n\000\040\000t\000r\000\372\000c\000\040\000h\036\307\000\040\000t\000h\036\321\000n\000g}{}% 31
\BOOKMARK [1][-]{section.3.1}{\376\377\000M\000\364\000\040\000h\000\354\000n\000h\000\040\000k\000i\036\277\000n\000\040\000t\000r\000\372\000c\000\040\000t\036\325\000n\000g\000\040\000q\000u\000a\000n}{chapter.3}% 32
\BOOKMARK [1][-]{section.3.2}{\376\377\000P\000h\000\342\000n\000\040\000h\036\307\000\040\000c\036\243\000m\000\040\000b\000i\036\277\000n\000\040\000\050\000L\000o\000R\000a\000\040\000N\000o\000d\000e\000s\000\051}{chapter.3}% 33
\BOOKMARK [1][-]{section.3.3}{\376\377\000P\000h\000\342\000n\000\040\000t\000\355\000c\000h\000\040\000y\000\352\000u\000\040\000c\036\247\000u\000\040\000c\000h\036\351\000c\000\040\000n\001\003\000n\000g\000\040\000L\000o\000R\000a\000-\000G\000a\000t\000e\000w\000a\000y}{chapter.3}% 34
\BOOKMARK [1][-]{section.3.4}{\376\377\000P\000h\000\342\000n\000\040\000t\000\355\000c\000h\000\040\000y\000\352\000u\000\040\000c\036\247\000u\000\040\000c\000h\036\351\000c\000\040\000n\001\003\000n\000g\000\040\000p\000h\000\342\000n\000\040\000h\036\307\000\040\000L\000o\000R\000a\000\040\000B\000a\000c\000k\000e\000n\000d\000\040}{chapter.3}% 35
\BOOKMARK [2][-]{subsection.3.4.1}{\376\377\000N\000e\000t\000w\000o\000r\000k\000\040\000S\000e\000r\000v\000e\000r}{section.3.4}% 36
\BOOKMARK [2][-]{subsection.3.4.2}{\376\377\000J\000o\000i\000n\000\040\000S\000e\000r\000v\000e\000r}{section.3.4}% 37
\BOOKMARK [2][-]{subsection.3.4.3}{\376\377\000A\000p\000p\000l\000i\000c\000a\000t\000i\000o\000n\000\040\000S\000e\000r\000v\000e\000r\000\040}{section.3.4}% 38
\BOOKMARK [1][-]{section.3.5}{\376\377\000P\000h\000\342\000n\000\040\000t\000\355\000c\000h\000\040\000c\000h\036\351\000c\000\040\000n\001\003\000n\000g\000\040\000p\000h\000\342\000n\000\040\000h\036\307\000\040\036\351\000n\000g\000\040\000d\036\345\000n\000g\000\040\000n\000g\001\260\036\335\000i\000\040\000d\000\371\000n\000g}{chapter.3}% 39
\BOOKMARK [1][-]{section.3.6}{\376\377\000P\000h\000\342\000n\000\040\000t\000\355\000c\000h\000\040\000c\000h\036\351\000c\000\040\000n\001\003\000n\000g\000\040\000p\000h\000\342\000n\000\040\000h\036\307\000\040\000v\036\255\000n\000\040\000h\000\340\000n\000h\000\040\001\021\000i\036\301\000u\000\040\000k\000h\000i\036\303\000n}{chapter.3}% 40
\BOOKMARK [1][-]{section.3.7}{\376\377\000K\036\277\000t\000\040\000l\000u\036\255\000n}{chapter.3}% 41
\BOOKMARK [0][-]{chapter.4}{\376\377\000K\036\277\000t\000\040\000q\000u\036\243\000\040\000v\000\340\000\040\001\021\000\341\000n\000h\000\040\000g\000i\000\341}{}% 42
\BOOKMARK [1][-]{section.4.1}{\376\377\000C\000\341\000c\000\040\000k\036\277\000t\000\040\000q\000u\036\243\000\040\001\021\036\241\000t\000\040\001\021\001\260\036\343\000c}{chapter.4}% 43
\BOOKMARK [2][-]{subsection.4.1.1}{\376\377\000P\000h\000\342\000n\000\040\000t\000\355\000c\000h\000\040\000k\036\277\000t\000\040\000q\000u\036\243\000\040\000c\000\341\000c\000\040\000t\000h\036\355\000\040\000n\000g\000h\000i\036\307\000m}{section.4.1}% 44
\BOOKMARK [2][-]{subsection.4.1.2}{\376\377\000H\036\307\000\040\000t\000h\036\321\000n\000g\000\040\000B\000K\000R\000E\000S\000-\000L\000o\000R\000a}{section.4.1}% 45
\BOOKMARK [1][-]{section.4.2}{\376\377\001\020\000\341\000n\000h\000\040\000g\000i\000\341\000\040\000t\000h\000u\036\255\000t\000\040\000t\000o\000\341\000n\000\040\000v\000\340\000\040\001\021\036\313\000n\000h\000\040\000h\001\260\036\333\000n\000g\000\040\000p\000h\000\341\000t\000\040\000t\000r\000i\036\303\000n}{chapter.4}% 46
\BOOKMARK [1][-]{section.4.3}{\376\377\000K\036\277\000t\000\040\000l\000u\036\255\000n}{chapter.4}% 47
\BOOKMARK [0][-]{chapter*.27}{\376\377\000K\036\277\000t\000\040\000l\000u\036\255\000n}{}% 48
\BOOKMARK [0][-]{chapter*.27}{\376\377\000T\000\340\000i\000\040\000l\000i\036\307\000u\000\040\000t\000h\000a\000m\000\040\000k\000h\036\243\000o}{}% 49
\BOOKMARK [0][-]{chapter*.29}{\376\377\000P\000h\036\345\000\040\000L\036\345\000c}{}% 50
